  spider.cpp
c:\users\yakum\downloads\spider项目代码\src\spider.cpp(2): fatal error C1083: Cannot open include file: 'epoll.h': No such file or directory
  bloomfilter.cpp
c:\code\c++\spider\spider\bloomfilter.h(5): fatal error C1083: Cannot open include file: 'unistd.h': No such file or directory
  Confparser.cpp
c:\code\c++\spider\spider\confparser.cpp(1): fatal error C1083: Cannot open include file: 'spider.h': No such file or directory
  crc32.cpp
  dso.cpp
c:\code\c++\spider\spider\dso.cpp(1): fatal error C1083: Cannot open include file: 'dlfcn.h': No such file or directory
  hashs.cpp
  md5.cpp
  qstring.cpp
c:\code\c++\spider\spider\qstring.cpp(1): fatal error C1083: Cannot open include file: 'strings.h': No such file or directory
  sha1.cpp
  socket.cpp
c:\code\c++\spider\spider\socket.cpp(1): fatal error C1083: Cannot open include file: 'socket.h': No such file or directory
  threads.cpp
c:\code\c++\spider\spider\threads.h(4): fatal error C1083: Cannot open include file: 'pthread.h': No such file or directory
  url.cpp
c:\code\c++\spider\spider\url.h(4): fatal error C1083: Cannot open include file: 'event.h': No such file or directory
  Generating Code...
